2019-01-23 20:15:28 DEBUG Runner:15 - java.lang.ArithmeticException: / by zero
2019-01-23 20:17:19 DEBUG Runner:18 - java.lang.ArithmeticException: / by zero
2019-01-23 20:17:52 DEBUG Runner:18 - java.lang.ArithmeticException: / by zero
2019-01-23 20:18:11 DEBUG Runner:19 - java.lang.ArithmeticException: / by zero
2019-01-23 20:18:33 DEBUG Runner:14 - 
2019-01-23 20:18:33 DEBUG Runner:20 - java.lang.ArithmeticException: / by zero
2019-01-23 20:19:38 DEBUG Runner:23 - java.lang.NullPointerException
2019-01-23 20:36:59 DEBUG Runner:18 - java.lang.ArithmeticException: / by zero
2019-01-23 20:36:59 DEBUG Runner:24 - java.lang.NullPointerException
2019-01-23 20:38:11 DEBUG Runner:18 - java.lang.ArithmeticException: / by zero
2019-01-23 20:38:11 DEBUG Runner:24 - java.lang.NullPointerException
2019-01-23 20:38:11 DEBUG Runner:28 - 0.0
2019-01-23 20:38:48 DEBUG Runner:18 - java.lang.ArithmeticException: / by zero
2019-01-23 20:38:48 DEBUG Runner:24 - java.lang.NullPointerException
2019-01-23 20:38:48 DEBUG Runner:28 - 0.6666667
2019-01-23 20:39:01 DEBUG Runner:18 - java.lang.ArithmeticException: / by zero
2019-01-23 20:39:01 DEBUG Runner:24 - java.lang.NullPointerException
2019-01-23 20:39:01 DEBUG Runner:28 - 0.6666667
2019-01-23 20:39:16 DEBUG Runner:18 - java.lang.ArithmeticException: / by zero
2019-01-23 20:39:16 DEBUG Runner:24 - java.lang.NullPointerException
2019-01-23 20:39:16 DEBUG Runner:28 - 0.6666667
2019-01-23 20:41:07 DEBUG Runner:18 - java.lang.ArithmeticException: / by zero
2019-01-23 20:41:07 DEBUG Runner:24 - java.lang.NullPointerException
2019-01-23 20:42:54 DEBUG Runner:18 - java.lang.ArithmeticException: / by zero
2019-01-23 20:42:54 DEBUG Runner:24 - java.lang.NullPointerException
2019-01-23 20:43:06 DEBUG Runner:18 - java.lang.ArithmeticException: / by zero
2019-01-23 20:43:06 DEBUG Runner:24 - java.lang.NullPointerException
2019-01-23 20:43:30 DEBUG Runner:18 - java.lang.ArithmeticException: / by zero
2019-01-23 20:43:30 DEBUG Runner:24 - java.lang.NullPointerException
2019-01-23 20:43:45 DEBUG Runner:18 - java.lang.ArithmeticException: / by zero
2019-01-23 20:43:45 DEBUG Runner:24 - java.lang.NullPointerException
2019-01-23 20:44:23 DEBUG Runner:18 - java.lang.ArithmeticException: / by zero
2019-01-23 20:44:23 DEBUG Runner:24 - java.lang.NullPointerException
2019-01-23 20:44:23 DEBUG Runner:31 - java.lang.ArithmeticException: /result less than '1'
2019-01-23 21:30:04 DEBUG Runner:20 - java.lang.NullPointerException
2019-01-23 21:30:04 DEBUG Runner:26 - java.lang.NullPointerException
2019-01-23 21:30:04 DEBUG Runner:35 - java.lang.IllegalAccessException: IllegalAccessException
2019-01-23 21:30:50 DEBUG Runner:20 - java.lang.NullPointerException
2019-01-23 21:30:50 DEBUG Runner:26 - java.lang.NullPointerException
2019-01-23 21:30:50 DEBUG Runner:35 - java.lang.IllegalAccessException: /Eeee
2019-01-23 21:40:59 DEBUG Runner:20 - java.lang.NullPointerException
2019-01-23 21:40:59 DEBUG Runner:26 - java.lang.NullPointerException
2019-01-23 21:40:59 DEBUG Runner:35 - java.lang.IllegalAccessException: /Eeee
2019-01-23 21:40:59 DEBUG Runner:38 - 0.3020797660107404
2019-01-23 21:41:11 DEBUG Runner:20 - java.lang.NullPointerException
2019-01-23 21:41:11 DEBUG Runner:26 - java.lang.NullPointerException
2019-01-23 21:41:11 DEBUG Runner:35 - java.lang.IllegalAccessException: /Eeee
2019-01-23 21:41:11 DEBUG Runner:38 - 0
2019-01-23 21:41:16 DEBUG Runner:20 - java.lang.NullPointerException
2019-01-23 21:41:16 DEBUG Runner:26 - java.lang.NullPointerException
2019-01-23 21:41:16 DEBUG Runner:35 - java.lang.IllegalAccessException: /Eeee
2019-01-23 21:41:16 DEBUG Runner:38 - 0
2019-01-23 21:41:21 DEBUG Runner:20 - java.lang.NullPointerException
2019-01-23 21:41:21 DEBUG Runner:26 - java.lang.NullPointerException
2019-01-23 21:41:21 DEBUG Runner:35 - java.lang.IllegalAccessException: /Eeee
2019-01-23 21:41:21 DEBUG Runner:38 - 0
2019-01-23 21:41:26 DEBUG Runner:20 - java.lang.NullPointerException
2019-01-23 21:41:26 DEBUG Runner:26 - java.lang.NullPointerException
2019-01-23 21:41:26 DEBUG Runner:35 - java.lang.IllegalAccessException: /Eeee
2019-01-23 21:41:26 DEBUG Runner:38 - 0
2019-01-23 21:42:04 DEBUG Runner:20 - java.lang.NullPointerException
2019-01-23 21:42:04 DEBUG Runner:26 - java.lang.NullPointerException
2019-01-23 21:42:04 DEBUG Runner:35 - java.lang.IllegalAccessException: /Eeee
2019-01-23 21:42:04 DEBUG Runner:38 - 0
2019-01-23 21:42:09 DEBUG Runner:20 - java.lang.NullPointerException
2019-01-23 21:42:09 DEBUG Runner:26 - java.lang.NullPointerException
2019-01-23 21:42:09 DEBUG Runner:35 - java.lang.IllegalAccessException: /Eeee
2019-01-23 21:42:09 DEBUG Runner:38 - 0
2019-01-23 21:42:13 DEBUG Runner:20 - java.lang.NullPointerException
2019-01-23 21:42:13 DEBUG Runner:26 - java.lang.NullPointerException
2019-01-23 21:42:13 DEBUG Runner:35 - java.lang.IllegalAccessException: /Eeee
2019-01-23 21:42:13 DEBUG Runner:38 - 0
2019-01-23 21:43:55 DEBUG Runner:20 - java.lang.NullPointerException
2019-01-23 21:43:55 DEBUG Runner:26 - java.lang.NullPointerException
2019-01-23 21:43:55 DEBUG Runner:35 - java.lang.IllegalAccessException: /Eeee
2019-01-23 21:44:13 DEBUG Runner:20 - java.lang.NullPointerException
2019-01-23 21:44:13 DEBUG Runner:26 - java.lang.NullPointerException
2019-01-23 21:44:13 DEBUG Runner:35 - java.lang.IllegalAccessException: /Eeee
2019-01-23 21:44:27 DEBUG Runner:20 - java.lang.NullPointerException
2019-01-23 21:44:27 DEBUG Runner:26 - java.lang.NullPointerException
2019-01-23 21:44:27 DEBUG Runner:35 - java.lang.IllegalAccessException: /Eeee
2019-01-23 21:45:37 DEBUG Runner:20 - java.lang.NullPointerException
2019-01-23 21:45:37 DEBUG Runner:26 - java.lang.NullPointerException
2019-01-23 21:45:37 DEBUG Runner:35 - java.lang.IllegalAccessException: /Eeee
2019-01-23 21:45:37 DEBUG Runner:41 - [I@29b5cd00
2019-01-23 21:47:38 DEBUG Runner:22 - java.lang.NullPointerException
2019-01-23 21:47:38 DEBUG Runner:28 - java.lang.NullPointerException
2019-01-23 21:47:38 DEBUG Runner:37 - java.lang.IllegalAccessException: /Eeee
2019-01-23 21:47:38 DEBUG Runner:43 - [[I@e874448]
2019-01-23 21:53:04 DEBUG Runner:22 - java.lang.NullPointerException
2019-01-23 21:53:04 DEBUG Runner:28 - java.lang.NullPointerException
2019-01-23 21:53:04 DEBUG Runner:37 - java.lang.IllegalAccessException: /Eeee
2019-01-23 21:53:04 DEBUG Runner:43 - [[I@29b5cd00]
2019-01-23 21:57:38 DEBUG Runner:22 - java.lang.NullPointerException
2019-01-23 21:57:38 DEBUG Runner:28 - java.lang.NullPointerException
2019-01-23 21:57:38 DEBUG Runner:37 - java.lang.IllegalAccessException: /Eeee
2019-01-23 21:57:38 DEBUG Runner:43 - [1, 1, 1, 0, 0, 1, 1, 0, 1, 1]
2019-01-23 22:01:04 DEBUG Runner:22 - java.lang.NullPointerException
2019-01-23 22:01:04 DEBUG Runner:28 - java.lang.NullPointerException
2019-01-23 22:01:04 DEBUG Runner:43 - [1, 1, 0, 0, 1, 1, 0, 0, 1, 1]
2019-01-23 22:19:26 DEBUG Runner:22 - java.lang.NullPointerException
2019-01-23 22:19:26 DEBUG Runner:28 - java.lang.NullPointerException
2019-01-23 22:19:26 DEBUG Runner:33 - 0.0
2019-01-23 22:19:26 DEBUG Runner:41 - [1, 0, 0, 0, 0, 0, 0, 0, 1, 1]
2019-01-23 22:20:08 DEBUG Runner:22 - java.lang.NullPointerException
2019-01-23 22:20:08 DEBUG Runner:28 - java.lang.NullPointerException
2019-01-23 22:20:08 DEBUG Runner:41 - [1, 1, 1, 1, 0, 0, 1, 0, 1, 0]
2019-01-23 22:43:13 DEBUG Runner:23 - java.lang.ArithmeticException: / by zero
2019-01-23 22:43:13 DEBUG Runner:29 - java.lang.NullPointerException
2019-01-23 22:43:13 DEBUG Runner:42 - [1, 1, 0, 0, 0, 1, 1, 1, 0, 1]
2019-01-23 22:43:48 DEBUG Runner:23 - java.lang.ArithmeticException: / by zero
2019-01-23 22:43:48 DEBUG Runner:29 - java.lang.NullPointerException
2019-01-23 22:43:48 DEBUG Runner:42 - [1, 1, 1, 1, 0, 0, 0, 0, 0, 0]
2019-01-23 22:45:57 DEBUG Runner:23 - java.lang.ArithmeticException: / by zero
2019-01-23 22:45:57 DEBUG Runner:29 - java.lang.NullPointerException
2019-01-23 22:45:57 DEBUG Runner:42 - [0, 0, 0, 0, -1, 0, -1, 0, -1, -1]
2019-01-23 22:46:24 DEBUG Runner:23 - java.lang.ArithmeticException: / by zero
2019-01-23 22:46:24 DEBUG Runner:29 - java.lang.NullPointerException
2019-01-23 22:46:24 DEBUG Runner:42 - [-1, -1, -1, 0, 0, 0, -1, 0, 0, -1]
2019-01-23 22:47:37 DEBUG Runner:23 - java.lang.ArithmeticException: / by zero
2019-01-23 22:47:37 DEBUG Runner:29 - java.lang.NullPointerException
2019-01-23 22:47:37 DEBUG Runner:42 - [-1, 0, 0, 0, -1, -1, 0, -1, 0, 0]
2019-01-23 22:47:43 DEBUG Runner:23 - java.lang.ArithmeticException: / by zero
2019-01-23 22:47:43 DEBUG Runner:29 - java.lang.NullPointerException
2019-01-23 22:47:43 DEBUG Runner:42 - [0, -1, -1, -1, 0, -1, -1, -1, 0, 0]
2019-01-23 22:47:43 DEBUG Runner:47 - java.lang.NegativeArraySizeException: -1
2019-01-23 22:47:54 DEBUG Runner:23 - java.lang.ArithmeticException: / by zero
2019-01-23 22:47:54 DEBUG Runner:29 - java.lang.NullPointerException
2019-01-23 22:47:54 DEBUG Runner:42 - [0, -1, 0, 0, 0, 0, -1, -1, -1, 0]
2019-01-23 22:47:59 DEBUG Runner:23 - java.lang.ArithmeticException: / by zero
2019-01-23 22:47:59 DEBUG Runner:29 - java.lang.NullPointerException
2019-01-23 22:47:59 DEBUG Runner:42 - [0, 0, 0, 0, 0, -1, 0, 0, 0, 0]
2019-01-23 22:48:03 DEBUG Runner:23 - java.lang.ArithmeticException: / by zero
2019-01-23 22:48:03 DEBUG Runner:29 - java.lang.NullPointerException
2019-01-23 22:48:03 DEBUG Runner:42 - [0, 0, 0, 0, 0, 0, -1, 0, 0, 0]
2019-01-23 22:48:08 DEBUG Runner:23 - java.lang.ArithmeticException: / by zero
2019-01-23 22:48:08 DEBUG Runner:29 - java.lang.NullPointerException
2019-01-23 22:48:08 DEBUG Runner:42 - [0, -1, 0, 0, -1, 0, 0, 0, 0, 0]
2019-01-23 22:48:13 DEBUG Runner:23 - java.lang.ArithmeticException: / by zero
2019-01-23 22:48:13 DEBUG Runner:29 - java.lang.NullPointerException
2019-01-23 22:48:13 DEBUG Runner:42 - [-1, 0, -1, 0, -1, -1, -1, -1, -1, 0]
2019-01-23 22:48:13 DEBUG Runner:47 - java.lang.NegativeArraySizeException: -1
2019-01-23 22:49:46 DEBUG Runner:23 - java.lang.ArithmeticException: / by zero
2019-01-23 22:49:46 DEBUG Runner:29 - java.lang.NullPointerException
2019-01-23 22:49:47 DEBUG Runner:42 - [0, 0, 0, 0, -1, -1, -1, 0, 0, -1]
2019-01-23 22:51:16 DEBUG Runner:23 - java.lang.ArithmeticException: / by zero
2019-01-23 22:51:16 DEBUG Runner:29 - java.lang.NullPointerException
2019-01-23 22:51:16 DEBUG Runner:42 - [-1, 0, 0, 0, -1, 0, -1, 0, -1, 0]
2019-01-23 22:51:16 DEBUG Runner:47 - java.lang.NegativeArraySizeException: -1
2019-01-23 22:57:19 DEBUG Runner:23 - java.lang.ArithmeticException: / by zero
2019-01-23 22:57:19 DEBUG Runner:29 - java.lang.NullPointerException
2019-01-23 22:57:19 DEBUG Runner:42 - [-1, 0, 0, -1, -1, -1, 0, 0, -1, 0]
2019-01-23 22:57:19 DEBUG Runner:47 - java.lang.NegativeArraySizeException: -1
2019-01-23 22:58:36 DEBUG Runner:24 - java.lang.ArithmeticException: / by zero
2019-01-23 22:58:36 DEBUG Runner:30 - java.lang.NullPointerException
2019-01-23 22:58:36 DEBUG Runner:43 - [0, -1, 0, 0, -1, 0, 0, 0, -1, -1]
2019-01-23 22:58:36 DEBUG Runner:53 - by.moiseenko.myException.MyException
2019-01-23 23:10:18 DEBUG Runner:24 - java.lang.ArithmeticException: / by zero
2019-01-23 23:10:18 DEBUG Runner:30 - java.lang.NullPointerException
2019-01-23 23:10:18 DEBUG Runner:43 - [-1, -1, -1, -1, -1, -1, -1, 0, 0, 0]
2019-01-23 23:10:18 DEBUG Runner:48 - java.lang.NegativeArraySizeException: -1
2019-01-23 23:14:48 DEBUG Runner:24 - java.lang.ArithmeticException: / by zero
2019-01-23 23:14:48 DEBUG Runner:30 - java.lang.NullPointerException
2019-01-23 23:14:48 DEBUG Runner:43 - [0, -1, 0, -1, 0, 0, 0, 0, -1, 0]
2019-01-23 23:31:23 DEBUG Runner:24 - java.lang.ArithmeticException: / by zero
2019-01-23 23:31:23 DEBUG Runner:30 - java.lang.NullPointerException
2019-01-23 23:31:23 DEBUG Runner:43 - [0, 0, 0, 0, -1, 0, 0, 0, 0, 0]
2019-01-23 23:31:23 DEBUG Runner:61 - finally block
2019-01-23 23:32:01 DEBUG Runner:24 - java.lang.ArithmeticException: / by zero
2019-01-23 23:32:01 DEBUG Runner:30 - java.lang.NullPointerException
2019-01-23 23:32:01 DEBUG Runner:43 - [0, -1, -1, 0, 0, -1, 0, -1, -1, 0]
2019-01-23 23:32:01 DEBUG Runner:59 - Below will be div by zero
2019-01-23 23:32:01 DEBUG Runner:62 - finally block
2019-01-23 23:40:04 DEBUG Runner:24 - java.lang.ArithmeticException: / by zero
2019-01-23 23:40:04 DEBUG Runner:30 - java.lang.NullPointerException
2019-01-23 23:40:04 DEBUG Runner:43 - [-1, 0, 0, -1, 0, 0, 0, -1, 0, -1]
2019-01-23 23:40:04 DEBUG Runner:48 - java.lang.NegativeArraySizeException: -1
2019-01-23 23:41:58 DEBUG Runner:24 - java.lang.ArithmeticException: / by zero
2019-01-23 23:41:58 DEBUG Runner:30 - java.lang.NullPointerException
2019-01-23 23:41:58 DEBUG Runner:43 - [0, -1, 0, -1, 0, 0, 0, -1, 0, 0]
2019-01-23 23:43:59 DEBUG Runner:24 - java.lang.ArithmeticException: / by zero
2019-01-23 23:43:59 DEBUG Runner:30 - java.lang.NullPointerException
2019-01-23 23:43:59 DEBUG Runner:43 - [0, 0, -1, 0, 0, 0, -1, -1, -1, 0]
2019-01-23 23:44:26 DEBUG Runner:24 - java.lang.ArithmeticException: / by zero
2019-01-23 23:44:26 DEBUG Runner:30 - java.lang.NullPointerException
2019-01-23 23:44:26 DEBUG Runner:43 - [0, -1, 0, -1, 0, -1, -1, 0, -1, -1]
2019-01-23 23:44:57 DEBUG Runner:24 - java.lang.ArithmeticException: / by zero
2019-01-23 23:44:57 DEBUG Runner:30 - java.lang.NullPointerException
2019-01-23 23:44:57 DEBUG Runner:43 - [-1, -1, 0, -1, -1, 0, 0, -1, 0, -1]
2019-01-23 23:44:57 DEBUG Runner:48 - java.lang.NegativeArraySizeException: -1
2019-01-23 23:44:57 DEBUG Runner:64 - 
2019-01-24 09:32:07 DEBUG Runner:24 - java.lang.ArithmeticException: / by zero
2019-01-24 09:32:07 DEBUG Runner:30 - java.lang.NullPointerException
2019-01-24 09:32:07 DEBUG Runner:43 - [0, -1, 0, 0, 0, 0, 0, 0, -1, -1]
2019-01-24 09:32:07 DEBUG Runner:64 - 
2019-01-24 14:12:33 DEBUG Runner:24 - java.lang.ArithmeticException: / by zero
2019-01-24 14:12:33 DEBUG Runner:30 - java.lang.NullPointerException
2019-01-24 14:12:33 DEBUG Runner:43 - [0, -1, 0, 0, 0, 0, -1, 0, 0, 0]
2019-01-24 14:12:33 DEBUG Runner:64 - 
2019-01-24 14:14:21 DEBUG Runner:24 - java.lang.ArithmeticException: / by zero
2019-01-24 14:14:21 DEBUG Runner:30 - java.lang.NullPointerException
2019-01-24 14:14:21 DEBUG Runner:43 - [0, 0, 0, -1, -1, 0, -1, 0, 0, 0]
2019-01-24 14:14:21 DEBUG Runner:65 - 
2019-01-24 14:14:59 DEBUG Runner:24 - java.lang.ArithmeticException: / by zero
2019-01-24 14:14:59 DEBUG Runner:30 - java.lang.NullPointerException
2019-01-24 14:14:59 DEBUG Runner:43 - [-1, 0, 0, -1, 0, 0, 0, 0, 0, 0]
2019-01-24 14:14:59 DEBUG Runner:48 - java.lang.NegativeArraySizeException: -1
2019-01-24 14:14:59 DEBUG Runner:65 - 
2019-01-24 14:15:28 DEBUG Runner:24 - java.lang.ArithmeticException: / by zero
2019-01-24 14:15:28 DEBUG Runner:30 - java.lang.NullPointerException
2019-01-24 14:15:28 DEBUG Runner:43 - [-1, 0, 0, -1, 0, -1, 0, -1, -1, -1]
2019-01-24 14:15:28 DEBUG Runner:48 - java.lang.NegativeArraySizeException: -1
2019-01-24 14:15:28 DEBUG Runner:65 - 
2019-01-24 14:31:52 DEBUG Runner:24 - java.lang.ArithmeticException: / by zero
2019-01-24 14:31:52 DEBUG Runner:30 - java.lang.NullPointerException
2019-01-24 14:31:52 DEBUG Runner:43 - [-1, 0, 0, 0, -1, 0, 0, 0, 0, -1]
2019-01-24 14:31:52 DEBUG Runner:48 - java.lang.NegativeArraySizeException: -1
2019-01-24 14:31:52 DEBUG Runner:63 - 
2019-01-24 14:33:40 DEBUG Runner:24 - java.lang.ArithmeticException: / by zero
2019-01-24 14:33:40 DEBUG Runner:30 - java.lang.NullPointerException
2019-01-24 14:33:40 DEBUG Runner:43 - [-1, 0, -1, 0, -1, -1, 0, -1, -1, 0]
2019-01-24 14:33:40 DEBUG Runner:48 - java.lang.NegativeArraySizeException: -1
2019-01-24 14:33:40 DEBUG Runner:63 - 
2019-01-24 14:34:39 DEBUG Runner:24 - java.lang.ArithmeticException: / by zero
2019-01-24 14:34:39 DEBUG Runner:31 - java.lang.NullPointerException
2019-01-24 14:34:39 DEBUG Runner:45 - [0, -1, -1, 0, 0, -1, -1, -1, -1, 0]
2019-01-24 14:34:39 DEBUG Runner:65 - 
2019-01-24 14:34:58 DEBUG Runner:24 - java.lang.ArithmeticException: / by zero
2019-01-24 14:34:58 DEBUG Runner:31 - java.lang.NullPointerException
2019-01-24 14:34:58 DEBUG Runner:45 - [-1, 0, -1, -1, 0, 0, -1, -1, -1, 0]
2019-01-24 14:34:58 DEBUG Runner:50 - java.lang.NegativeArraySizeException: -1
2019-01-24 14:34:58 DEBUG Runner:65 - 
2019-01-24 14:35:23 DEBUG Runner:24 - java.lang.ArithmeticException: / by zero
2019-01-24 14:35:23 DEBUG Runner:31 - java.lang.NullPointerException
2019-01-24 14:35:23 DEBUG Runner:45 - [-1, -1, -1, 0, 0, 0, -1, -1, -1, 0]
2019-01-24 14:35:23 DEBUG Runner:50 - java.lang.NegativeArraySizeException: -1
2019-01-24 14:46:03 DEBUG Runner:24 - java.lang.ArithmeticException: / by zero
2019-01-24 14:46:03 DEBUG Runner:31 - java.lang.NullPointerException
2019-01-24 14:46:03 DEBUG Runner:45 - [0, 0, -1, 0, -1, 0, -1, 0, 0, -1]
2019-01-24 15:05:51 DEBUG Runner:25 - java.lang.ArithmeticException: / by zero
2019-01-24 15:05:51 DEBUG Runner:32 - java.lang.NullPointerException
2019-01-24 15:05:51 DEBUG Runner:46 - [0, 0, -1, 0, 0, 0, 0, -1, 0, -1]
2019-01-24 15:25:50 DEBUG Runner:25 - java.lang.ArithmeticException: / by zero
2019-01-24 15:25:50 DEBUG Runner:32 - java.lang.NullPointerException
2019-01-24 15:25:50 DEBUG Runner:46 - [-1, 0, -1, 0, 0, 0, 0, -1, 0, -1]
2019-01-24 15:25:50 DEBUG Runner:51 - java.lang.NegativeArraySizeException: -1
2019-01-24 15:26:03 DEBUG Runner:25 - java.lang.ArithmeticException: / by zero
2019-01-24 15:26:03 DEBUG Runner:32 - java.lang.NullPointerException
2019-01-24 15:26:03 DEBUG Runner:46 - [0, -1, 0, -1, -1, -1, 0, 0, -1, -1]
2019-01-24 15:27:32 DEBUG Runner:25 - java.lang.ArithmeticException: / by zero
2019-01-24 15:27:32 DEBUG Runner:32 - java.lang.NullPointerException
2019-01-24 15:27:32 DEBUG Runner:46 - [0, -1, -1, 0, -1, -1, -1, 0, -1, 0]
2019-01-24 15:28:17 DEBUG Runner:25 - java.lang.ArithmeticException: / by zero
2019-01-24 15:28:17 DEBUG Runner:32 - java.lang.NullPointerException
2019-01-24 15:28:17 DEBUG Runner:46 - [-1, -1, 0, 0, 0, 0, 0, 0, -1, 0]
2019-01-24 15:28:17 DEBUG Runner:51 - java.lang.NegativeArraySizeException: -1
2019-01-24 15:28:17 DEBUG Runner:77 - by.moiseenko.myException.MyRuntimeException: Одумайся, пробуешь делить на ноль
2019-01-24 15:28:17 DEBUG Runner:78 - 
2019-01-24 15:29:17 DEBUG Runner:25 - java.lang.ArithmeticException: / by zero
2019-01-24 15:29:17 DEBUG Runner:32 - java.lang.NullPointerException
2019-01-24 15:29:17 DEBUG Runner:46 - [-1, -1, 0, -1, 0, -1, 0, 0, 0, 0]
2019-01-24 15:29:17 DEBUG Runner:51 - java.lang.NegativeArraySizeException: -1
2019-01-24 15:29:17 DEBUG Runner:77 - by.moiseenko.myException.MyRuntimeException: Одумайся, пробуешь делить на ноль
2019-01-24 15:29:17 DEBUG Runner:78 - java.lang.NullPointerException
2019-01-24 15:39:29 DEBUG Runner:25 - java.lang.ArithmeticException: / by zero
2019-01-24 15:39:29 DEBUG Runner:32 - java.lang.NullPointerException
2019-01-24 15:39:29 DEBUG Runner:46 - [0, -1, 0, -1, 0, -1, 0, 0, -1, 0]
2019-01-24 15:41:45 DEBUG Runner:25 - java.lang.ArithmeticException: / by zero
2019-01-24 15:41:45 DEBUG Runner:32 - java.lang.NullPointerException
2019-01-24 15:41:45 DEBUG Runner:46 - [-1, 0, 0, -1, 0, -1, 0, 0, 0, 0]
2019-01-24 15:41:45 DEBUG Runner:51 - java.lang.NegativeArraySizeException: -1
2019-01-24 15:44:27 DEBUG Runner:25 - java.lang.ArithmeticException: / by zero
2019-01-24 15:44:27 DEBUG Runner:32 - java.lang.NullPointerException
2019-01-24 15:44:27 DEBUG Runner:46 - [-1, 0, -1, 0, 0, -1, -1, -1, -1, 0]
2019-01-24 15:44:27 DEBUG Runner:51 - java.lang.NegativeArraySizeException: -1
2019-01-25 13:28:21 DEBUG Runner:25 - java.lang.ArithmeticException: / by zero
2019-01-25 13:28:21 DEBUG Runner:32 - java.lang.NullPointerException
2019-01-25 13:28:21 DEBUG Runner:46 - [-1, -1, -1, -1, 0, 0, -1, -1, -1, 0]
2019-01-25 13:28:21 DEBUG Runner:51 - java.lang.NegativeArraySizeException: -1
