15:23:42.492 [main] DEBUG by.moiseenko.util.impl.TransportCreatorImpl:33 - Transport{producer='Mazda**', model='6', action='STOP'}
15:23:42.508 [main] DEBUG by.moiseenko.util.impl.TransportCreatorImpl:33 - Transport{producer='Toyota*', model='Corrola', action='STOP'}
15:23:42.509 [main] DEBUG by.moiseenko.util.impl.TransportCreatorImpl:33 - Transport{producer='Vaz****', model='Kopeyka', action='STOP'}
15:23:42.512 [main] DEBUG by.moiseenko.util.impl.TransportCreatorImpl:24 - Transport{producer='Iz*', model='Planeta 5', action='STOP'}
15:23:42.514 [main] DEBUG by.moiseenko.util.impl.TransportCreatorImpl:24 - Transport{producer='Honda', model='CBR 600', action='STOP'}
15:23:42.516 [main] DEBUG by.moiseenko.util.impl.TransportCreatorImpl:24 - Transport{producer='Harley-Davidson', model='Inferno', action='STOP'}
15:23:42.517 [main] DEBUG by.moiseenko.Runner:148 - Transport{producer='Mazda**', model='6', action='STOP'}
15:23:42.518 [main] DEBUG by.moiseenko.Runner:148 - Transport{producer='Toyota*', model='Corrola', action='STOP'}
15:23:42.519 [main] DEBUG by.moiseenko.Runner:148 - Transport{producer='Vaz****', model='Kopeyka', action='STOP'}
15:23:42.520 [main] DEBUG by.moiseenko.Runner:148 - Transport{producer='Iz*', model='Planeta 5', action='STOP'}
15:23:42.521 [main] DEBUG by.moiseenko.Runner:148 - Transport{producer='Honda', model='CBR 600', action='STOP'}
15:23:42.522 [main] DEBUG by.moiseenko.Runner:148 - Transport{producer='Harley-Davidson', model='Inferno', action='STOP'}
15:23:42.527 [main] DEBUG by.moiseenko.util.impl.DrivableCarImpl:41 - Car MAZDA** 6 drive back.
15:23:42.528 [main] DEBUG by.moiseenko.util.impl.DrivableCarImpl:41 - Car TOYOTA* Corrola drive back.
15:23:42.529 [main] DEBUG by.moiseenko.util.impl.DrivableCarImpl:41 - Car VAZ**** Kopeyka drive back.
15:23:42.530 [main] DEBUG by.moiseenko.util.impl.DrivableBikeImpl:16 - Bike IZ* Planeta 5 drive front.
15:23:42.530 [main] DEBUG by.moiseenko.util.impl.DrivableBikeImpl:16 - Bike HONDA CBR 600 drive front.
15:23:42.531 [main] DEBUG by.moiseenko.util.impl.DrivableBikeImpl:16 - Bike HARLEY-DAVIDSON Inferno drive front.
15:23:42.533 [main] DEBUG by.moiseenko.util.impl.DrivableCarImpl:29 - Car MAZDA** 6 turn left.
15:23:42.534 [main] DEBUG by.moiseenko.util.impl.DrivableCarImpl:29 - Car TOYOTA* Corrola turn left.
15:23:42.535 [main] DEBUG by.moiseenko.util.impl.DrivableCarImpl:29 - Car VAZ**** Kopeyka turn left.
15:23:42.537 [main] DEBUG by.moiseenko.util.impl.DrivableBikeImpl:34 - Bike IZ* Planeta 5 turn right.
15:23:42.540 [main] DEBUG by.moiseenko.util.impl.DrivableBikeImpl:34 - Bike HONDA CBR 600 turn right.
15:23:42.541 [main] DEBUG by.moiseenko.util.impl.DrivableBikeImpl:34 - Bike HARLEY-DAVIDSON Inferno turn right.
15:23:42.541 [main] DEBUG by.moiseenko.Runner:148 - Transport{producer='Mazda**', model='6', action='TURN LEFT'}
15:23:42.542 [main] DEBUG by.moiseenko.Runner:148 - Transport{producer='Toyota*', model='Corrola', action='TURN LEFT'}
15:23:42.542 [main] DEBUG by.moiseenko.Runner:148 - Transport{producer='Vaz****', model='Kopeyka', action='TURN LEFT'}
15:23:42.543 [main] DEBUG by.moiseenko.Runner:148 - Transport{producer='Iz*', model='Planeta 5', action='TURN RIGHT'}
15:23:42.544 [main] DEBUG by.moiseenko.Runner:148 - Transport{producer='Honda', model='CBR 600', action='TURN RIGHT'}
15:23:42.545 [main] DEBUG by.moiseenko.Runner:148 - Transport{producer='Harley-Davidson', model='Inferno', action='TURN RIGHT'}
15:23:42.603 [main] DEBUG by.moiseenko.Runner:60 - Aclass{a=5}Bclass{b=7}  12  35
15:23:42.608 [main] DEBUG by.moiseenko.Runner:67 - java.lang.IllegalArgumentException: Man too young!!! age = 15
15:23:42.653 [main] DEBUG by.moiseenko.Runner:83 - java.lang.IllegalArgumentException: Man To old!!! age = 300
15:23:47.061 [main] DEBUG by.moiseenko.Runner:138 - true
Transport{producer='Iz*', model='Planeta 5', action='TURN RIGHT'}
15:23:47.224 [main] DEBUG by.moiseenko.util.impl.NIOTest:116 - true
